{"name":"To Test the combinations of all data of username and password","status":"failed","statusDetails":{"known":false,"muted":false,"flaky":false,"message":"\nThe following assertion failed:\n1) \nexpected: \"Login Successfully\"\n but was: \"Login Successfull\"\nat BaseClass.lambda$static$4(BaseClass.java:96)\n","trace":"org.assertj.core.api.SoftAssertionError: \nThe following assertion failed:\n1) \nexpected: \"Login Successfully\"\n but was: \"Login Successfull\"\nat BaseClass.lambda$static$4(BaseClass.java:96)\n\n\tat org.assertj.core.error.AssertionErrorCreator.multipleSoftAssertionsError(AssertionErrorCreator.java:100)\n\tat org.assertj.core.api.AbstractSoftAssertions.assertAll(AbstractSoftAssertions.java:37)\n\tat org.assertj.core.api.AbstractSoftAssertions.assertAll(AbstractSoftAssertions.java:42)\n\tat org.assertj.core.api.SoftAssertionsProvider.assertSoftly(SoftAssertionsProvider.java:120)\n\tat org.assertj.core.api.SoftAssertions.assertSoftly(SoftAssertions.java:162)\n\tat basePack.BaseClass.lambda$static$5(BaseClass.java:93)\n\tat Steps.LoginSteps.iAmOnTheHomePage(LoginSteps.java:60)\n\tat ✽.I am on the HomePage(file:///Users/kalyanparam/JunitReport/AutomationFramework/src/main/resources/features/Login.feature:8)\n"},"stage":"finished","steps":[{"name":"Given  I enter test1 and test1","status":"passed","statusDetails":{"known":false,"muted":false,"flaky":false},"stage":"finished","steps":[],"attachments":[],"parameters":[],"start":1640825518304,"stop":1640825518524},{"name":"And  I click on submit button","status":"passed","statusDetails":{"known":false,"muted":false,"flaky":false},"stage":"finished","steps":[],"attachments":[],"parameters":[],"start":1640825518525,"stop":1640825520485},{"name":"Then  I am on the HomePage","status":"failed","statusDetails":{"known":false,"muted":false,"flaky":false,"message":"\nThe following assertion failed:\n1) \nexpected: \"Login Successfully\"\n but was: \"Login Successfull\"\nat BaseClass.lambda$static$4(BaseClass.java:96)\n","trace":"org.assertj.core.api.SoftAssertionError: \nThe following assertion failed:\n1) \nexpected: \"Login Successfully\"\n but was: \"Login Successfull\"\nat BaseClass.lambda$static$4(BaseClass.java:96)\n\n\tat org.assertj.core.error.AssertionErrorCreator.multipleSoftAssertionsError(AssertionErrorCreator.java:100)\n\tat org.assertj.core.api.AbstractSoftAssertions.assertAll(AbstractSoftAssertions.java:37)\n\tat org.assertj.core.api.AbstractSoftAssertions.assertAll(AbstractSoftAssertions.java:42)\n\tat org.assertj.core.api.SoftAssertionsProvider.assertSoftly(SoftAssertionsProvider.java:120)\n\tat org.assertj.core.api.SoftAssertions.assertSoftly(SoftAssertions.java:162)\n\tat basePack.BaseClass.lambda$static$5(BaseClass.java:93)\n\tat Steps.LoginSteps.iAmOnTheHomePage(LoginSteps.java:60)\n\tat ✽.I am on the HomePage(file:///Users/kalyanparam/JunitReport/AutomationFramework/src/main/resources/features/Login.feature:8)\n"},"stage":"finished","steps":[],"attachments":[],"parameters":[],"start":1640825520485,"stop":1640825521119}],"attachments":[],"parameters":[{"name":"UserName","value":"test1"},{"name":"Password","value":"test1"}],"start":1640825512978,"stop":1640825521791,"uuid":"7a89e04c-e0e8-450d-af80-b97a7096edd6","historyId":"90c1db09ea3cf7ea4d2dbad268a7e7e8","fullName":"To test all combinations in Login module: To Test the combinations of all data of username and password","labels":[{"name":"tag","value":"Login"},{"name":"tag","value":"Smoke"},{"name":"host","value":"Kalyans-MBP"},{"name":"thread","value":"21912@Kalyans-MBP.main(1)"},{"name":"feature","value":"To test all combinations in Login module"},{"name":"story","value":"To Test the combinations of all data of username and password"},{"name":"suite","value":"To test all combinations in Login module"},{"name":"testClass","value":"To Test the combinations of all data of username and password"},{"name":"framework","value":"cucumber4jvm"},{"name":"language","value":"java"},{"name":"gherkin_uri","value":"file:///Users/kalyanparam/JunitReport/AutomationFramework/src/main/resources/features/Login.feature"},{"name":"package","value":"src.main.resources.features.Login_feature.To test all combinations in Login module"}],"links":[]}