{"name":"To test all the GET API calls","status":"failed","statusDetails":{"known":false,"muted":false,"flaky":false,"message":"\nThe following assertion failed:\n1) \nexpected: 403\n but was: 404\nat BaseClass.lambda$static$2(BaseClass.java:87)\n","trace":"org.assertj.core.api.SoftAssertionError: \nThe following assertion failed:\n1) \nexpected: 403\n but was: 404\nat BaseClass.lambda$static$2(BaseClass.java:87)\n\n\tat org.assertj.core.error.AssertionErrorCreator.multipleSoftAssertionsError(AssertionErrorCreator.java:100)\n\tat org.assertj.core.api.AbstractSoftAssertions.assertAll(AbstractSoftAssertions.java:37)\n\tat org.assertj.core.api.AbstractSoftAssertions.assertAll(AbstractSoftAssertions.java:42)\n\tat org.assertj.core.api.SoftAssertionsProvider.assertSoftly(SoftAssertionsProvider.java:120)\n\tat org.assertj.core.api.SoftAssertions.assertSoftly(SoftAssertions.java:162)\n\tat basePack.BaseClass.lambda$static$3(BaseClass.java:84)\n\tat Steps.StepDefinition.iVerifyTheStatusCode(StepDefinition.java:37)\n\tat ✽.I verify the 403(file:///Users/kalyanparam/JunitReport/AutomationFramework/src/main/resources/features/GETAPI.feature:7)\n"},"stage":"finished","steps":[{"name":"Given  I am on Regres application","status":"passed","statusDetails":{"known":false,"muted":false,"flaky":false},"stage":"finished","steps":[],"attachments":[],"parameters":[],"start":1640313301877,"stop":1640313301878},{"name":"When  I check all the /api/unknown/23","status":"passed","statusDetails":{"known":false,"muted":false,"flaky":false},"stage":"finished","steps":[],"attachments":[],"parameters":[],"start":1640313301878,"stop":1640313302316},{"name":"Then  I verify the 403","status":"failed","statusDetails":{"known":false,"muted":false,"flaky":false,"message":"\nThe following assertion failed:\n1) \nexpected: 403\n but was: 404\nat BaseClass.lambda$static$2(BaseClass.java:87)\n","trace":"org.assertj.core.api.SoftAssertionError: \nThe following assertion failed:\n1) \nexpected: 403\n but was: 404\nat BaseClass.lambda$static$2(BaseClass.java:87)\n\n\tat org.assertj.core.error.AssertionErrorCreator.multipleSoftAssertionsError(AssertionErrorCreator.java:100)\n\tat org.assertj.core.api.AbstractSoftAssertions.assertAll(AbstractSoftAssertions.java:37)\n\tat org.assertj.core.api.AbstractSoftAssertions.assertAll(AbstractSoftAssertions.java:42)\n\tat org.assertj.core.api.SoftAssertionsProvider.assertSoftly(SoftAssertionsProvider.java:120)\n\tat org.assertj.core.api.SoftAssertions.assertSoftly(SoftAssertions.java:162)\n\tat basePack.BaseClass.lambda$static$3(BaseClass.java:84)\n\tat Steps.StepDefinition.iVerifyTheStatusCode(StepDefinition.java:37)\n\tat ✽.I verify the 403(file:///Users/kalyanparam/JunitReport/AutomationFramework/src/main/resources/features/GETAPI.feature:7)\n"},"stage":"finished","steps":[],"attachments":[],"parameters":[],"start":1640313302316,"stop":1640313302328}],"attachments":[],"parameters":[{"name":"EndPoints","value":"/api/unknown/23"},{"name":"StatusCode","value":"403"}],"start":1640313301876,"stop":1640313302329,"uuid":"ee12ba25-359f-44b6-8f41-8d59c6262cd0","historyId":"4845ce79c80cb128c5625bacd2306879","fullName":"To test all the GET API calls: To test all the GET API calls","labels":[{"name":"tag","value":"GETAPI"},{"name":"host","value":"Kalyans-MBP"},{"name":"thread","value":"7602@Kalyans-MBP.main(1)"},{"name":"feature","value":"To test all the GET API calls"},{"name":"story","value":"To test all the GET API calls"},{"name":"suite","value":"To test all the GET API calls"},{"name":"testClass","value":"To test all the GET API calls"},{"name":"framework","value":"cucumber4jvm"},{"name":"language","value":"java"},{"name":"gherkin_uri","value":"file:///Users/kalyanparam/JunitReport/AutomationFramework/src/main/resources/features/GETAPI.feature"},{"name":"package","value":"src.main.resources.features.GETAPI_feature.To test all the GET API calls"}],"links":[]}